<?xml version="1.0" encoding="UTF-8"?>
<!-- Generated by org.testng.reporters.JUnitXMLReporter -->
<testsuite hostname="DESKTOP-ICSBMB7" ignored="0" tests="3" failures="1" timestamp="2021-08-01T11:06:55 IST" time="0.235" errors="0">
  <testcase name="TC_01" time="0.02" classname="TestClass"/>
  <testcase name="TC_02" time="0.017" classname="TestClass">
    <failure type="java.lang.AssertionError" message="Zeeshan is failing this TC-02">
      <![CDATA[java.lang.AssertionError: Zeeshan is failing this TC-02
at TestClass.TC_02(TestClass.java:15)
at java.util.ArrayList.forEach(ArrayList.java:1259)
... Removed 28 stack frames]]>
    </failure>
  </testcase> <!-- TC_02 -->
  <testcase name="TC_03" time="0.022" classname="TestClass">
    <skipped/>
  </testcase> <!-- TC_03 -->
</testsuite>
